Slownik Jezyka Slaskiego/build/proguard/basic/release/aapt_rules.txt
# view AndroidManifest.xml #generated:6
-keep class pl.rafalmanka.slownikjezykaslaskiego.SearchDictionary { <init>(...); }

# view AndroidManifest.xml #generated:13
-keep class pl.rafalmanka.slownikjezykaslaskiego.SuggestWordActivity { <init>(...); }