Slownik Jezyka Slaskiego/build/proguard/basic/release/seeds.txt
android.support.v4.widget.DrawerLayout: void setScrimColor(int)
android.support.v4.widget.DrawerLayout: void setDrawerListener(android.support.v4.widget.DrawerLayout$DrawerListener)
android.support.v4.widget.DrawerLayout: void setDrawerLockMode(int)
android.support.v4.widget.DrawerLayout$SavedState
android.support.v4.widget.DrawerLayout$SavedState: android.os.Parcelable$Creator CREATOR
android.support.v4.widget.SlidingPaneLayout: void setParallaxDistance(int)
android.support.v4.widget.SlidingPaneLayout: int getParallaxDistance()
android.support.v4.widget.SlidingPaneLayout: void setSliderFadeColor(int)
android.support.v4.widget.SlidingPaneLayout: int getSliderFadeColor()
android.support.v4.widget.SlidingPaneLayout: void setCoveredFadeColor(int)
android.support.v4.widget.SlidingPaneLayout: int getCoveredFadeColor()
android.support.v4.widget.SlidingPaneLayout: void setPanelSlideListener(android.support.v4.widget.SlidingPaneLayout$PanelSlideListener)
android.support.v4.widget.SlidingPaneLayout: void setShadowDrawable(android.graphics.drawable.Drawable)
android.support.v4.widget.SlidingPaneLayout: void setShadowResource(int)
android.support.v4.widget.SlidingPaneLayout$SavedState
android.support.v4.widget.SlidingPaneLayout$SavedState: android.os.Parcelable$Creator CREATOR
com.appflood.AFFullScreenActivity
com.appflood.AFFullScreenActivity: AFFullScreenActivity()
com.appflood.AFInterstitialActivity
com.appflood.AFInterstitialActivity: AFInterstitialActivity()
com.appflood.AFInterstitialActivity: void onClick(android.view.View)
com.appflood.AFListActivity
com.appflood.AFListActivity: AFListActivity()
com.appflood.AFPanelActivity
com.appflood.AFPanelActivity: AFPanelActivity()
com.appflood.notification.NotificationActivity
com.appflood.notification.NotificationActivity: NotificationActivity()
com.google.android.gcm.GCMAFBroadcastReceiver
com.google.android.gcm.GCMAFBroadcastReceiver: GCMAFBroadcastReceiver()
com.google.android.gcm.GCMAFIntentService
com.google.android.gcm.GCMAFIntentService: GCMAFIntentService()
com.google.android.gcm.a: a(java.lang.String)
pl.rafalmanka.slownikjezykaslaskiego.Constants$Database: pl.rafalmanka.slownikjezykaslaskiego.Constants$Database[] values()
pl.rafalmanka.slownikjezykaslaskiego.Constants$Database: pl.rafalmanka.slownikjezykaslaskiego.Constants$Database valueOf(java.lang.String)
pl.rafalmanka.slownikjezykaslaskiego.Constants$Dictionary: pl.rafalmanka.slownikjezykaslaskiego.Constants$Dictionary[] values()
pl.rafalmanka.slownikjezykaslaskiego.Constants$Dictionary: pl.rafalmanka.slownikjezykaslaskiego.Constants$Dictionary valueOf(java.lang.String)
pl.rafalmanka.slownikjezykaslaskiego.Constants$Menu: pl.rafalmanka.slownikjezykaslaskiego.Constants$Menu[] values()
pl.rafalmanka.slownikjezykaslaskiego.Constants$Menu: pl.rafalmanka.slownikjezykaslaskiego.Constants$Menu valueOf(java.lang.String)
pl.rafalmanka.slownikjezykaslaskiego.R$color: int darkergrey_titlebar
pl.rafalmanka.slownikjezykaslaskiego.R$color: int light_blue_item_selected
pl.rafalmanka.slownikjezykaslaskiego.R$color: int topbar_darkgrey
pl.rafalmanka.slownikjezykaslaskiego.R$color: int topbar_grey
pl.rafalmanka.slownikjezykaslaskiego.R$dimen: int activity_horizontal_margin
pl.rafalmanka.slownikjezykaslaskiego.R$dimen: int activity_vertical_margin
pl.rafalmanka.slownikjezykaslaskiego.R$drawable: int arrow
pl.rafalmanka.slownikjezykaslaskiego.R$drawable: int button_ok
pl.rafalmanka.slownikjezykaslaskiego.R$drawable: int ic_launcher
pl.rafalmanka.slownikjezykaslaskiego.R$drawable: int list_item
pl.rafalmanka.slownikjezykaslaskiego.R$drawable: int topbar